<?xml version="1.0" encoding="UTF-8"?>
<!-- Generated by org.testng.reporters.JUnitReportReporter -->
<testsuite hostname="TSPORTS-WNQVH17LW2" failures="0" tests="1" name="EndtoEnd.EndtoEndAuto.HomePage" time="12.542" errors="0" timestamp="2022-03-13T16:10:38 EDT" skipped="0">
  <testcase classname="EndtoEnd.EndtoEndAuto.HomePage" name="homepage" time="12.542"/>
  <system-out/>
</testsuite> <!-- EndtoEnd.EndtoEndAuto.HomePage -->
