<?xml version="1.0" encoding="UTF-8"?>
<!-- Generated by org.testng.reporters.JUnitReportReporter -->
<testsuite hostname="TSPORTS-WNQVH17LW2" failures="0" tests="2" name="testRunner.testRunner" time="39.358" errors="0" timestamp="2022-03-13T17:50:31 EDT" skipped="0">
  <testcase classname="testRunner.testRunner" name="runScenario" time="23.641"/>
  <system-out/>
  <testcase classname="testRunner.testRunner" name="runScenario" time="15.717"/>
  <system-out/>
</testsuite> <!-- testRunner.testRunner -->
