<?xml version="1.0" encoding="UTF-8"?>
<!-- Generated by org.testng.reporters.JUnitReportReporter -->
<testsuite hostname="TSPORTS-WNQVH17LW2" failures="0" tests="1" name="E2ERSAProject.RSAProject.practicePage" time="15.386" errors="0" timestamp="2022-04-16T20:11:37 EDT" skipped="0">
  <testcase classname="E2ERSAProject.RSAProject.practicePage" name="practice" time="15.386"/>
  <system-out/>
</testsuite> <!-- E2ERSAProject.RSAProject.practicePage -->
