<?xml version="1.0" encoding="UTF-8"?>
<!-- Generated by org.testng.reporters.JUnitReportReporter -->
<testsuite hostname="TSPORTS-WNQVH17LW2" failures="0" tests="1" name="API.RESTAPI.Getfile" time="3.551" errors="0" timestamp="2022-02-27T13:15:00 EST" skipped="0">
  <testcase classname="API.RESTAPI.Getfile" name="getfile" time="3.551"/>
  <system-out/>
</testsuite> <!-- API.RESTAPI.Getfile -->
