<?xml version="1.0" encoding="UTF-8"?>
<!-- Generated by org.testng.reporters.JUnitReportReporter -->
<testsuite hostname="TSPORTS-WNQVH17LW2" failures="0" tests="5" name="API.RESTAPI.Postmethod" time="6.690" errors="0" timestamp="2022-02-27T12:52:16 EST" skipped="0">
  <testcase classname="API.RESTAPI.Postmethod" name="apitesting" time="0.604"/>
  <system-out/>
  <testcase classname="API.RESTAPI.Postmethod" name="apitesting" time="0.553"/>
  <system-out/>
  <testcase classname="API.RESTAPI.Postmethod" name="apitesting" time="0.788"/>
  <system-out/>
  <testcase classname="API.RESTAPI.Postmethod" name="apitesting" time="0.615"/>
  <system-out/>
  <testcase classname="API.RESTAPI.Postmethod" name="apitesting" time="4.130"/>
  <system-out/>
</testsuite> <!-- API.RESTAPI.Postmethod -->
