<?xml version="1.0" encoding="UTF-8"?>
<!-- Generated by org.testng.reporters.JUnitReportReporter -->
<testsuite hostname="TSPORTS-WNQVH17LW2" failures="0" tests="1" name="Selenium.testng.ncaa" time="83.133" errors="0" timestamp="2022-02-24T11:17:23 EST" skipped="0">
  <testcase classname="Selenium.testng.ncaa" name="ncaa" time="83.133"/>
  <system-out/>
</testsuite> <!-- Selenium.testng.ncaa -->
