<?xml version="1.0" encoding="UTF-8"?>
<!-- Generated by org.testng.reporters.JUnitReportReporter -->
<testsuite hostname="TSPORTS-WNQVH17LW2" failures="0" tests="1" name="Selenium.testng.flightbooking" time="9.827" errors="0" timestamp="2022-02-26T00:05:46 EST" skipped="0">
  <testcase classname="Selenium.testng.flightbooking" name="flightbook" time="9.827"/>
  <system-out/>
</testsuite> <!-- Selenium.testng.flightbooking -->
