<?xml version="1.0" encoding="UTF-8"?>
<!-- Generated by org.testng.reporters.JUnitReportReporter -->
<testsuite hostname="TSPORTS-WNQVH17LW2" failures="0" tests="1" name="Selenium.testng.frontdoor" time="12.976" errors="0" timestamp="2022-02-25T10:25:58 EST" skipped="0">
  <testcase classname="Selenium.testng.frontdoor" name="ahs" time="12.976"/>
  <system-out/>
</testsuite> <!-- Selenium.testng.frontdoor -->
