<?xml version="1.0" encoding="UTF-8"?>
<!-- Generated by org.testng.reporters.JUnitReportReporter -->
<testsuite skipped="0" hostname="TSPORTS-WNQVH17LW2" name="E2ERSAProject.RSAProject.practicePage" tests="1" failures="0" timestamp="2022-04-16T18:40:20 EDT" time="12.322" errors="0">
  <testcase name="practice" time="12.322" classname="E2ERSAProject.RSAProject.practicePage"/>
  <system-out/>
</testsuite> <!-- E2ERSAProject.RSAProject.practicePage -->
