<?xml version="1.0" encoding="UTF-8"?>
<!-- Generated by org.testng.reporters.JUnitReportReporter -->
<testsuite skipped="0" hostname="TSPORTS-WNQVH17LW2" name="E2ERSAProject.RSAProject.landingPage" tests="2" failures="0" timestamp="2022-04-16T20:16:24 EDT" time="29.123" errors="0">
  <testcase name="landingpagevalidation" time="15.554" classname="E2ERSAProject.RSAProject.landingPage"/>
  <system-out/>
  <testcase name="landingpagevalidation" time="13.569" classname="E2ERSAProject.RSAProject.landingPage"/>
  <system-out/>
</testsuite> <!-- E2ERSAProject.RSAProject.landingPage -->
