<?xml version="1.0" encoding="UTF-8"?>
<!-- Generated by org.testng.reporters.JUnitReportReporter -->
<testsuite hostname="TSPORTS-WNQVH17LW2" failures="0" tests="1" name="Auto.Auto.Gittest" time="0.010" errors="0" timestamp="2022-02-27T20:57:47 EST" skipped="0">
  <testcase classname="Auto.Auto.Gittest" name="gittest" time="0.010"/>
  <system-out/>
</testsuite> <!-- Auto.Auto.Gittest -->
