<?xml version="1.0" encoding="UTF-8"?>
<!-- Generated by org.testng.reporters.JUnitReportReporter -->
<testsuite hostname="TSPORTS-WNQVH17LW2" failures="0" tests="1" name="NCAA.ncaa.nhs" time="8.666" errors="0" timestamp="2022-02-28T18:22:39 EST" skipped="0">
  <testcase classname="NCAA.ncaa.nhs" name="nhs1" time="8.666"/>
  <system-out/>
</testsuite> <!-- NCAA.ncaa.nhs -->
