<?xml version="1.0" encoding="UTF-8"?>
<!-- Generated by org.testng.reporters.JUnitReportReporter -->
<testsuite hostname="TSPORTS-WNQVH17LW2" failures="0" tests="1" name="NCAA.ncaa.nhs" time="18.964" errors="0" timestamp="2022-04-07T19:31:38 EDT" skipped="0">
  <testcase classname="NCAA.ncaa.nhs" name="nhs1" time="18.964"/>
  <system-out/>
</testsuite> <!-- NCAA.ncaa.nhs -->
