<?xml version="1.0" encoding="UTF-8"?>
<!-- Generated by org.testng.reporters.JUnitReportReporter -->
<testsuite hostname="TSPORTS-WNQVH17LW2" failures="0" tests="1" name="NCAA.ncaa.rahulshetty" time="6.057" errors="0" timestamp="2022-02-25T21:00:41 EST" skipped="0">
  <testcase classname="NCAA.ncaa.rahulshetty" name="loginpage" time="6.057"/>
  <system-out/>
</testsuite> <!-- NCAA.ncaa.rahulshetty -->
