<?xml version="1.0" encoding="UTF-8"?>
<!-- Generated by org.testng.reporters.JUnitReportReporter -->
<testsuite hostname="TSPORTS-WNQVH17LW2" failures="0" tests="2" name="testRunner.testRunner" time="18.730" errors="0" timestamp="2022-03-13T18:31:05 EDT" skipped="0">
  <testcase classname="testRunner.testRunner" name="runScenario" time="9.401"/>
  <system-out/>
  <testcase classname="testRunner.testRunner" name="runScenario" time="9.329"/>
  <system-out/>
</testsuite> <!-- testRunner.testRunner -->
